   Qt/MSBuild: 3.4.0.1
  Reading Qt configuration (D:/Programing/Qt/6.9.1/msvc2022_64/bin/qmake)
   Qt: 6.9.1
  uic PerformanceMonitor.ui
  rcc PerformanceMonitor.qrc
  moc PerformanceMonitor.h
  moc ChartWidget.h
  moc ColorButton.h
  stdafx.cpp
  ChartWidget.cpp
  ColorButton.cpp
  PerformanceMonitor.cpp
  main.cpp
  qrc_PerformanceMonitor.cpp
  moc_PerformanceMonitor.cpp
  moc_ChartWidget.cpp
  moc_ColorButton.cpp
  Generating code
  Previous IPDB not found, fall back to full compilation.
  All 1032 functions were compiled because no usable IPDB/IOBJ from previous compilation was found.
  Finished generating code
  Performance Monitor.vcxproj -> D:\Programing\Projects\Performance-monitor5\x64\Release\PerfoMon.exe
