d:\programing\projects\performance-monitor5\performa.1e17ff55\x64\release\performance monitor.pch
d:\programing\projects\performance-monitor5\performa.1e17ff55\x64\release\vc143.pdb
d:\programing\projects\performance-monitor5\performa.1e17ff55\x64\release\stdafx.obj
d:\programing\projects\performance-monitor5\performa.1e17ff55\x64\release\main.obj
d:\programing\projects\performance-monitor5\performa.1e17ff55\x64\release\chartwidget.obj
d:\programing\projects\performance-monitor5\performa.1e17ff55\x64\release\performancemonitor.obj
d:\programing\projects\performance-monitor5\performa.1e17ff55\x64\release\colorbutton.obj
d:\programing\projects\performance-monitor5\performa.1e17ff55\x64\release\qrc_performancemonitor.obj
d:\programing\projects\performance-monitor5\performa.1e17ff55\x64\release\moc_colorbutton.obj
d:\programing\projects\performance-monitor5\performa.1e17ff55\x64\release\moc_chartwidget.obj
d:\programing\projects\performance-monitor5\performa.1e17ff55\x64\release\moc_performancemonitor.obj
d:\programing\projects\performance-monitor5\x64\release\performance monitor.exe
d:\programing\projects\performance-monitor5\performa.1e17ff55\x64\release\qt\moc\moc_performancemonitor.cpp
d:\programing\projects\performance-monitor5\performa.1e17ff55\x64\release\qt\moc\moc_chartwidget.cpp
d:\programing\projects\performance-monitor5\performa.1e17ff55\x64\release\qt\uic\ui_performancemonitor.h
d:\programing\projects\performance-monitor5\performa.1e17ff55\x64\release\qt\rcc\qrc_performancemonitor.cpp
d:\programing\projects\performance-monitor5\performa.1e17ff55\x64\release\qt\moc\moc_colorbutton.cpp
d:\programing\projects\performance-monitor5\performa.1e17ff55\x64\release\performance monitor.ipdb
d:\programing\projects\performance-monitor5\performa.1e17ff55\x64\release\performance monitor.iobj
d:\programing\projects\performance-monitor5\performa.1e17ff55\x64\release\performa.1e17ff55.tlog\cl.command.1.tlog
d:\programing\projects\performance-monitor5\performa.1e17ff55\x64\release\performa.1e17ff55.tlog\cl.items.tlog
d:\programing\projects\performance-monitor5\performa.1e17ff55\x64\release\performa.1e17ff55.tlog\cl.read.1.tlog
d:\programing\projects\performance-monitor5\performa.1e17ff55\x64\release\performa.1e17ff55.tlog\cl.write.1.tlog
d:\programing\projects\performance-monitor5\performa.1e17ff55\x64\release\performa.1e17ff55.tlog\link.command.1.tlog
d:\programing\projects\performance-monitor5\performa.1e17ff55\x64\release\performa.1e17ff55.tlog\link.read.1.tlog
d:\programing\projects\performance-monitor5\performa.1e17ff55\x64\release\performa.1e17ff55.tlog\link.secondary.1.tlog
d:\programing\projects\performance-monitor5\performa.1e17ff55\x64\release\performa.1e17ff55.tlog\link.write.1.tlog
d:\programing\projects\performance-monitor5\performa.1e17ff55\x64\release\performa.1e17ff55.tlog\moc.read.1u.tlog
d:\programing\projects\performance-monitor5\performa.1e17ff55\x64\release\performa.1e17ff55.tlog\moc.write.1u.tlog
d:\programing\projects\performance-monitor5\performa.1e17ff55\x64\release\performa.1e17ff55.tlog\performance monitor.write.1u.tlog
d:\programing\projects\performance-monitor5\performa.1e17ff55\x64\release\performa.1e17ff55.tlog\rcc.read.1u.tlog
d:\programing\projects\performance-monitor5\performa.1e17ff55\x64\release\performa.1e17ff55.tlog\rcc.write.1u.tlog
d:\programing\projects\performance-monitor5\performa.1e17ff55\x64\release\performa.1e17ff55.tlog\uic.read.1u.tlog
d:\programing\projects\performance-monitor5\performa.1e17ff55\x64\release\performa.1e17ff55.tlog\uic.write.1u.tlog
