d:\programing\projects\performance-monitor5\performa.1e17ff55\x64\debug\performance monitor.pch
d:\programing\projects\performance-monitor5\performa.1e17ff55\x64\debug\vc143.pdb
d:\programing\projects\performance-monitor5\performa.1e17ff55\x64\debug\vc143.idb
d:\programing\projects\performance-monitor5\performa.1e17ff55\x64\debug\stdafx.obj
d:\programing\projects\performance-monitor5\performa.1e17ff55\x64\debug\main.obj
d:\programing\projects\performance-monitor5\performa.1e17ff55\x64\debug\chartwidget.obj
d:\programing\projects\performance-monitor5\performa.1e17ff55\x64\debug\performancemonitor.obj
d:\programing\projects\performance-monitor5\performa.1e17ff55\x64\debug\qrc_performancemonitor.obj
d:\programing\projects\performance-monitor5\performa.1e17ff55\x64\debug\moc_performancemonitor.obj
d:\programing\projects\performance-monitor5\performa.1e17ff55\x64\debug\moc_chartwidget.obj
d:\programing\projects\performance-monitor5\performa.1e17ff55\x64\debug\colorbutton.obj
d:\programing\projects\performance-monitor5\performa.1e17ff55\x64\debug\moc_colorbutton.obj
d:\programing\projects\performance-monitor5\x64\debug\performance monitor.exe
d:\programing\projects\performance-monitor5\x64\debug\performance monitor.pdb
d:\programing\projects\performance-monitor5\performa.1e17ff55\x64\debug\qt\moc\moc_performancemonitor.cpp
d:\programing\projects\performance-monitor5\performa.1e17ff55\x64\debug\qt\moc\moc_colorbutton.cpp
d:\programing\projects\performance-monitor5\performa.1e17ff55\x64\debug\qt\uic\ui_performancemonitor.h
d:\programing\projects\performance-monitor5\performa.1e17ff55\x64\debug\qt\rcc\qrc_performancemonitor.cpp
d:\programing\projects\performance-monitor5\performa.1e17ff55\x64\debug\qt\moc\moc_chartwidget.cpp
d:\programing\projects\performance-monitor5\performa.1e17ff55\x64\debug\performance monitor.ilk
d:\programing\projects\performance-monitor5\performa.1e17ff55\x64\debug\performancecounters.obj
d:\programing\projects\performance-monitor5\performa.1e17ff55\x64\debug\performa.1e17ff55.tlog\cl.command.1.tlog
d:\programing\projects\performance-monitor5\performa.1e17ff55\x64\debug\performa.1e17ff55.tlog\cl.items.tlog
d:\programing\projects\performance-monitor5\performa.1e17ff55\x64\debug\performa.1e17ff55.tlog\cl.read.1.tlog
d:\programing\projects\performance-monitor5\performa.1e17ff55\x64\debug\performa.1e17ff55.tlog\cl.write.1.tlog
d:\programing\projects\performance-monitor5\performa.1e17ff55\x64\debug\performa.1e17ff55.tlog\link.command.1.tlog
d:\programing\projects\performance-monitor5\performa.1e17ff55\x64\debug\performa.1e17ff55.tlog\link.read.1.tlog
d:\programing\projects\performance-monitor5\performa.1e17ff55\x64\debug\performa.1e17ff55.tlog\link.secondary.1.tlog
d:\programing\projects\performance-monitor5\performa.1e17ff55\x64\debug\performa.1e17ff55.tlog\link.write.1.tlog
d:\programing\projects\performance-monitor5\performa.1e17ff55\x64\debug\performa.1e17ff55.tlog\moc.read.1u.tlog
d:\programing\projects\performance-monitor5\performa.1e17ff55\x64\debug\performa.1e17ff55.tlog\moc.write.1u.tlog
d:\programing\projects\performance-monitor5\performa.1e17ff55\x64\debug\performa.1e17ff55.tlog\performance monitor.write.1u.tlog
d:\programing\projects\performance-monitor5\performa.1e17ff55\x64\debug\performa.1e17ff55.tlog\rcc.read.1u.tlog
d:\programing\projects\performance-monitor5\performa.1e17ff55\x64\debug\performa.1e17ff55.tlog\rcc.write.1u.tlog
d:\programing\projects\performance-monitor5\performa.1e17ff55\x64\debug\performa.1e17ff55.tlog\uic.read.1u.tlog
d:\programing\projects\performance-monitor5\performa.1e17ff55\x64\debug\performa.1e17ff55.tlog\uic.write.1u.tlog
