d:\programing\projects\performance-monitor5\perfomonitor\x64\release\perfomonitor.pch
d:\programing\projects\performance-monitor5\perfomonitor\x64\release\vc143.pdb
d:\programing\projects\performance-monitor5\perfomonitor\x64\release\stdafx.obj
d:\programing\projects\performance-monitor5\perfomonitor\x64\release\performancemonitor.obj
d:\programing\projects\performance-monitor5\perfomonitor\x64\release\colorbutton.obj
d:\programing\projects\performance-monitor5\perfomonitor\x64\release\chartwidget.obj
d:\programing\projects\performance-monitor5\perfomonitor\x64\release\main.obj
d:\programing\projects\performance-monitor5\perfomonitor\x64\release\qrc_performancemonitor.obj
d:\programing\projects\performance-monitor5\perfomonitor\x64\release\moc_chartwidget.obj
d:\programing\projects\performance-monitor5\perfomonitor\x64\release\moc_performancemonitor.obj
d:\programing\projects\performance-monitor5\perfomonitor\x64\release\moc_colorbutton.obj
d:\programing\projects\performance-monitor5\x64\release\perfomonitor.exe
d:\programing\projects\performance-monitor5\perfomonitor\x64\release\qt\moc\moc_performancemonitor.cpp
d:\programing\projects\performance-monitor5\perfomonitor\x64\release\qt\moc\moc_chartwidget.cpp
d:\programing\projects\performance-monitor5\perfomonitor\x64\release\qt\uic\ui_performancemonitor.h
d:\programing\projects\performance-monitor5\perfomonitor\x64\release\qt\rcc\qrc_performancemonitor.cpp
d:\programing\projects\performance-monitor5\perfomonitor\x64\release\qt\moc\moc_colorbutton.cpp
d:\programing\projects\performance-monitor5\perfomonitor\x64\release\resource.res
d:\programing\projects\performance-monitor5\perfomonitor\x64\release\perfomonitor.ipdb
d:\programing\projects\performance-monitor5\perfomonitor\x64\release\perfomonitor.iobj
d:\programing\projects\performance-monitor5\perfomonitor\x64\release\perfomonitor.tlog\cl.command.1.tlog
d:\programing\projects\performance-monitor5\perfomonitor\x64\release\perfomonitor.tlog\cl.items.tlog
d:\programing\projects\performance-monitor5\perfomonitor\x64\release\perfomonitor.tlog\cl.read.1.tlog
d:\programing\projects\performance-monitor5\perfomonitor\x64\release\perfomonitor.tlog\cl.write.1.tlog
d:\programing\projects\performance-monitor5\perfomonitor\x64\release\perfomonitor.tlog\link.command.1.tlog
d:\programing\projects\performance-monitor5\perfomonitor\x64\release\perfomonitor.tlog\link.read.1.tlog
d:\programing\projects\performance-monitor5\perfomonitor\x64\release\perfomonitor.tlog\link.secondary.1.tlog
d:\programing\projects\performance-monitor5\perfomonitor\x64\release\perfomonitor.tlog\link.write.1.tlog
d:\programing\projects\performance-monitor5\perfomonitor\x64\release\perfomonitor.tlog\moc.read.1u.tlog
d:\programing\projects\performance-monitor5\perfomonitor\x64\release\perfomonitor.tlog\moc.write.1u.tlog
d:\programing\projects\performance-monitor5\perfomonitor\x64\release\perfomonitor.tlog\perfomonitor.write.1u.tlog
d:\programing\projects\performance-monitor5\perfomonitor\x64\release\perfomonitor.tlog\rc.command.1.tlog
d:\programing\projects\performance-monitor5\perfomonitor\x64\release\perfomonitor.tlog\rc.read.1.tlog
d:\programing\projects\performance-monitor5\perfomonitor\x64\release\perfomonitor.tlog\rc.write.1.tlog
d:\programing\projects\performance-monitor5\perfomonitor\x64\release\perfomonitor.tlog\rcc.read.1u.tlog
d:\programing\projects\performance-monitor5\perfomonitor\x64\release\perfomonitor.tlog\rcc.write.1u.tlog
d:\programing\projects\performance-monitor5\perfomonitor\x64\release\perfomonitor.tlog\uic.read.1u.tlog
d:\programing\projects\performance-monitor5\perfomonitor\x64\release\perfomonitor.tlog\uic.write.1u.tlog
